<?xml version="1.0" encoding="UTF-8"?>
<testsuite name="com.example.mylibrarytorial.ExampleUnitTest" tests="1" skipped="0" failures="0" errors="0" timestamp="2020-12-14T06:58:58" hostname="Trans-iMac-Pro.local" time="0.002">
  <properties/>
  <testcase name="addition_isCorrect" classname="com.example.mylibrarytorial.ExampleUnitTest" time="0.002"/>
  <system-out><![CDATA[]]></system-out>
  <system-err><![CDATA[]]></system-err>
</testsuite>
